#
# There is insufficient memory for the Java Runtime Environment to continue.
# Native memory allocation (malloc) failed to allocate 1487936 bytes for Chunk::new
# Possible reasons:
#   The system is out of physical RAM or swap space
#   In 32 bit mode, the process size limit was hit
# Possible solutions:
#   Reduce memory load on the system
#   Increase physical memory or swap space
#   Check if swap backing store is full
#   Use 64 bit Java on a 64 bit OS
#   Decrease Java heap size (-Xmx/-Xms)
#   Decrease number of Java threads
#   Decrease Java thread stack sizes (-Xss)
#   Set larger code cache with -XX:ReservedCodeCacheSize=
# This output file may be truncated or incomplete.
#
#  Out of Memory Error (allocation.cpp:390), pid=23996, tid=0x0000000000003458
#
# JRE version: Java(TM) SE Runtime Environment (8.0_162-b12) (build 1.8.0_162-b12)
# Java VM: Java HotSpot(TM) 64-Bit Server VM (25.162-b12 mixed mode windows-amd64 compressed oops)
# Failed to write core dump. Minidumps are not enabled by default on client versions of Windows
#

---------------  T H R E A D  ---------------

Current thread (0x0000000017ccb800):  JavaThread "C2 CompilerThread0" daemon [_thread_in_native, id=13400, stack(0x0000000019320000,0x0000000019420000)]

Stack: [0x0000000019320000,0x0000000019420000]
[error occurred during error reporting (printing stack bounds), id 0xc0000005]

Native frames: (J=compiled Java code, j=interpreted, Vv=VM code, C=native code)


Current CompileTask:
C2:   3050 1711   !   4       org.springframework.core.annotation.AnnotationUtils::findAnnotation (205 bytes)


---------------  P R O C E S S  ---------------

Java Threads: ( => current thread )
  0x000000001b2ed800 JavaThread "Abandoned connection cleanup thread" daemon [_thread_blocked, id=1528, stack(0x000000001cf20000,0x000000001d020000)]
  0x000000001a094000 JavaThread "ReaderThread" [_thread_in_native, id=6656, stack(0x000000001a420000,0x000000001a520000)]
  0x0000000019650800 JavaThread "Service Thread" daemon [_thread_blocked, id=18356, stack(0x0000000019a20000,0x0000000019b20000)]
  0x0000000017cdd000 JavaThread "C1 CompilerThread2" daemon [_thread_blocked, id=23024, stack(0x0000000019520000,0x0000000019620000)]
  0x0000000017cd1800 JavaThread "C2 CompilerThread1" daemon [_thread_in_native, id=9356, stack(0x0000000019420000,0x0000000019520000)]
=>0x0000000017ccb800 JavaThread "C2 CompilerThread0" daemon [_thread_in_native, id=13400, stack(0x0000000019320000,0x0000000019420000)]
  0x0000000017cca000 JavaThread "Attach Listener" daemon [_thread_blocked, id=17900, stack(0x0000000019220000,0x0000000019320000)]
  0x0000000017cc8800 JavaThread "Signal Dispatcher" daemon [_thread_blocked, id=25124, stack(0x0000000019120000,0x0000000019220000)]
  0x000000000317e800 JavaThread "Finalizer" daemon [_thread_blocked, id=8804, stack(0x0000000018f30000,0x0000000019030000)]
  0x0000000003179000 JavaThread "Reference Handler" daemon [_thread_blocked, id=9288, stack(0x0000000018e30000,0x0000000018f30000)]
  0x0000000003088000 JavaThread "main" [_thread_in_Java, id=5636, stack(0x0000000002f80000,0x0000000003080000)]

Other Threads:
  0x0000000017c87000 VMThread [stack: 0x0000000018d30000,0x0000000018e30000] [id=23780]
  0x00000000196a5800 WatcherThread [stack: 0x0000000019b20000,0x0000000019c20000] [id=8120]

VM state:not at safepoint (normal execution)

VM Mutex/Monitor currently owned by a thread: None

Heap:
 PSYoungGen      total 71680K, used 22422K [0x00000000d5e00000, 0x00000000da900000, 0x0000000100000000)
  eden space 66560K, 25% used [0x00000000d5e00000,0x00000000d6ee6270,0x00000000d9f00000)
  from space 5120K, 99% used [0x00000000da400000,0x00000000da8ff6e8,0x00000000da900000)
  to   space 5120K, 0% used [0x00000000d9f00000,0x00000000d9f00000,0x00000000da400000)
 ParOldGen       total 87552K, used 647K [0x0000000081a00000, 0x0000000086f80000, 0x00000000d5e00000)
  object space 87552K, 0% used [0x0000000081a00000,0x0000000081aa1e80,0x0000000086f80000)
 Metaspace       used 15383K, capacity 15692K, committed 15872K, reserved 1062912K
  class space    used 1904K, capacity 1986K, committed 2048K, reserved 1048576K

Card table byte_map: [0x0000000012540000,0x0000000012940000] byte_map_base: 0x0000000012133000

Marking Bits: (ParMarkBitMap*) 0x000000006d380860
 Begin Bits: [0x0000000012ff0000, 0x0000000014f88000)
 End Bits:   [0x0000000014f88000, 0x0000000016f20000)

Polling page: 0x00000000014f0000

CodeCache: size=245760Kb used=7475Kb max_used=7475Kb free=238284Kb
 bounds [0x0000000003180000, 0x00000000038e0000, 0x0000000012180000]
 total_blobs=2420 nmethods=2089 adapters=243
 compilation: enabled

Compilation events (10 events):
Event: 3.038 Thread 0x0000000017cdd000 nmethod 2087 0x00000000038c5ed0 code [0x00000000038c6100, 0x00000000038c6f58]
Event: 3.039 Thread 0x0000000017cdd000 2088       3       org.springframework.asm.ClassVisitor::visitMethod (24 bytes)
Event: 3.039 Thread 0x0000000017cdd000 nmethod 2088 0x00000000038c5a10 code [0x00000000038c5b80, 0x00000000038c5de8]
Event: 3.039 Thread 0x0000000017cdd000 2089       3       org.springframework.asm.ClassWriter::visitMethod (24 bytes)
Event: 3.039 Thread 0x0000000017cdd000 nmethod 2089 0x00000000038c5590 code [0x00000000038c5700, 0x00000000038c5948]
Event: 3.039 Thread 0x0000000017cdd000 2090       3       org.springframework.cglib.core.CodeEmitter::end_method (7 bytes)
Event: 3.039 Thread 0x0000000017cdd000 nmethod 2090 0x00000000038c4e90 code [0x00000000038c5020, 0x00000000038c5428]
Event: 3.040 Thread 0x0000000017cdd000 2091       3       org.springframework.asm.MethodWriter::getSize (838 bytes)
Event: 3.043 Thread 0x0000000017cdd000 nmethod 2091 0x00000000038c76d0 code [0x00000000038c7b00, 0x00000000038c97a8]
Event: 3.043 Thread 0x0000000017cdd000 2092       3       org.springframework.asm.MethodWriter::put (1602 bytes)

GC Heap History (8 events):
Event: 1.017 GC heap before
{Heap before GC invocations=1 (full 0):
 PSYoungGen      total 38400K, used 33280K [0x00000000d5e00000, 0x00000000d8880000, 0x0000000100000000)
  eden space 33280K, 100% used [0x00000000d5e00000,0x00000000d7e80000,0x00000000d7e80000)
  from space 5120K, 0% used [0x00000000d8380000,0x00000000d8380000,0x00000000d8880000)
  to   space 5120K, 0% used [0x00000000d7e80000,0x00000000d7e80000,0x00000000d8380000)
 ParOldGen       total 87552K, used 0K [0x0000000081a00000, 0x0000000086f80000, 0x00000000d5e00000)
  object space 87552K, 0% used [0x0000000081a00000,0x0000000081a00000,0x0000000086f80000)
 Metaspace       used 8279K, capacity 8368K, committed 8576K, reserved 1056768K
  class space    used 1022K, capacity 1042K, committed 1152K, reserved 1048576K
Event: 1.023 GC heap after
Heap after GC invocations=1 (full 0):
 PSYoungGen      total 38400K, used 5107K [0x00000000d5e00000, 0x00000000d8880000, 0x0000000100000000)
  eden space 33280K, 0% used [0x00000000d5e00000,0x00000000d5e00000,0x00000000d7e80000)
  from space 5120K, 99% used [0x00000000d7e80000,0x00000000d837cc68,0x00000000d8380000)
  to   space 5120K, 0% used [0x00000000d8380000,0x00000000d8380000,0x00000000d8880000)
 ParOldGen       total 87552K, used 8K [0x0000000081a00000, 0x0000000086f80000, 0x00000000d5e00000)
  object space 87552K, 0% used [0x0000000081a00000,0x0000000081a02000,0x0000000086f80000)
 Metaspace       used 8279K, capacity 8368K, committed 8576K, reserved 1056768K
  class space    used 1022K, capacity 1042K, committed 1152K, reserved 1048576K
}
Event: 1.756 GC heap before
{Heap before GC invocations=2 (full 0):
 PSYoungGen      total 38400K, used 38387K [0x00000000d5e00000, 0x00000000d8880000, 0x0000000100000000)
  eden space 33280K, 100% used [0x00000000d5e00000,0x00000000d7e80000,0x00000000d7e80000)
  from space 5120K, 99% used [0x00000000d7e80000,0x00000000d837cc68,0x00000000d8380000)
  to   space 5120K, 0% used [0x00000000d8380000,0x00000000d8380000,0x00000000d8880000)
 ParOldGen       total 87552K, used 8K [0x0000000081a00000, 0x0000000086f80000, 0x00000000d5e00000)
  object space 87552K, 0% used [0x0000000081a00000,0x0000000081a02000,0x0000000086f80000)
 Metaspace       used 10807K, capacity 10990K, committed 11136K, reserved 1058816K
  class space    used 1326K, capacity 1383K, committed 1408K, reserved 1048576K
Event: 1.764 GC heap after
Heap after GC invocations=2 (full 0):
 PSYoungGen      total 38400K, used 5111K [0x00000000d5e00000, 0x00000000d8880000, 0x0000000100000000)
  eden space 33280K, 0% used [0x00000000d5e00000,0x00000000d5e00000,0x00000000d7e80000)
  from space 5120K, 99% used [0x00000000d8380000,0x00000000d887df38,0x00000000d8880000)
  to   space 5120K, 0% used [0x00000000d7e80000,0x00000000d7e80000,0x00000000d8380000)
 ParOldGen       total 87552K, used 44K [0x0000000081a00000, 0x0000000086f80000, 0x00000000d5e00000)
  object space 87552K, 0% used [0x0000000081a00000,0x0000000081a0b098,0x0000000086f80000)
 Metaspace       used 10807K, capacity 10990K, committed 11136K, reserved 1058816K
  class space    used 1326K, capacity 1383K, committed 1408K, reserved 1048576K
}
Event: 2.244 GC heap before
{Heap before GC invocations=3 (full 0):
 PSYoungGen      total 38400K, used 38391K [0x00000000d5e00000, 0x00000000d8880000, 0x0000000100000000)
  eden space 33280K, 100% used [0x00000000d5e00000,0x00000000d7e80000,0x00000000d7e80000)
  from space 5120K, 99% used [0x00000000d8380000,0x00000000d887df38,0x00000000d8880000)
  to   space 5120K, 0% used [0x00000000d7e80000,0x00000000d7e80000,0x00000000d8380000)
 ParOldGen       total 87552K, used 44K [0x0000000081a00000, 0x0000000086f80000, 0x00000000d5e00000)
  object space 87552K, 0% used [0x0000000081a00000,0x0000000081a0b098,0x0000000086f80000)
 Metaspace       used 12577K, capacity 12762K, committed 12928K, reserved 1060864K
  class space    used 1573K, capacity 1609K, committed 1664K, reserved 1048576K
Event: 2.252 GC heap after
Heap after GC invocations=3 (full 0):
 PSYoungGen      total 38400K, used 5116K [0x00000000d5e00000, 0x00000000da900000, 0x0000000100000000)
  eden space 33280K, 0% used [0x00000000d5e00000,0x00000000d5e00000,0x00000000d7e80000)
  from space 5120K, 99% used [0x00000000d7e80000,0x00000000d837f2a0,0x00000000d8380000)
  to   space 5120K, 0% used [0x00000000da400000,0x00000000da400000,0x00000000da900000)
 ParOldGen       total 87552K, used 236K [0x0000000081a00000, 0x0000000086f80000, 0x00000000d5e00000)
  object space 87552K, 0% used [0x0000000081a00000,0x0000000081a3b008,0x0000000086f80000)
 Metaspace       used 12577K, capacity 12762K, committed 12928K, reserved 1060864K
  class space    used 1573K, capacity 1609K, committed 1664K, reserved 1048576K
}
Event: 2.783 GC heap before
{Heap before GC invocations=4 (full 0):
 PSYoungGen      total 38400K, used 38396K [0x00000000d5e00000, 0x00000000da900000, 0x0000000100000000)
  eden space 33280K, 100% used [0x00000000d5e00000,0x00000000d7e80000,0x00000000d7e80000)
  from space 5120K, 99% used [0x00000000d7e80000,0x00000000d837f2a0,0x00000000d8380000)
  to   space 5120K, 0% used [0x00000000da400000,0x00000000da400000,0x00000000da900000)
 ParOldGen       total 87552K, used 236K [0x0000000081a00000, 0x0000000086f80000, 0x00000000d5e00000)
  object space 87552K, 0% used [0x0000000081a00000,0x0000000081a3b008,0x0000000086f80000)
 Metaspace       used 14780K, capacity 15020K, committed 15232K, reserved 1062912K
  class space    used 1825K, capacity 1890K, committed 1920K, reserved 1048576K
Event: 2.795 GC heap after
Heap after GC invocations=4 (full 0):
 PSYoungGen      total 71680K, used 5117K [0x00000000d5e00000, 0x00000000da900000, 0x0000000100000000)
  eden space 66560K, 0% used [0x00000000d5e00000,0x00000000d5e00000,0x00000000d9f00000)
  from space 5120K, 99% used [0x00000000da400000,0x00000000da8ff6e8,0x00000000da900000)
  to   space 5120K, 0% used [0x00000000d9f00000,0x00000000d9f00000,0x00000000da400000)
 ParOldGen       total 87552K, used 647K [0x0000000081a00000, 0x0000000086f80000, 0x00000000d5e00000)
  object space 87552K, 0% used [0x0000000081a00000,0x0000000081aa1e80,0x0000000086f80000)
 Metaspace       used 14780K, capacity 15020K, committed 15232K, reserved 1062912K
  class space    used 1825K, capacity 1890K, committed 1920K, reserved 1048576K
}

Deoptimization events (10 events):
Event: 2.707 Thread 0x0000000003088000 Uncommon trap: reason=unstable_if action=reinterpret pc=0x00000000034706f0 method=java.util.HashMap.hash(Ljava/lang/Object;)I @ 1
Event: 2.707 Thread 0x0000000003088000 Uncommon trap: reason=unstable_if action=reinterpret pc=0x00000000033a3128 method=java.util.HashMap.hash(Ljava/lang/Object;)I @ 1
Event: 2.716 Thread 0x0000000003088000 Uncommon trap: reason=unstable_if action=reinterpret pc=0x0000000003730d38 method=org.springframework.util.ConcurrentReferenceHashMap$Segment.restructureIfNecessary(Z)V @ 15
Event: 2.820 Thread 0x0000000003088000 Uncommon trap: reason=bimorphic action=maybe_recompile pc=0x0000000003782994 method=org.springframework.util.ConcurrentReferenceHashMap$Segment.findInChain(Lorg/springframework/util/ConcurrentReferenceHashMap$Reference;Ljava/lang/Object;I)Lorg/springframe
Event: 2.820 Thread 0x0000000003088000 Uncommon trap: reason=bimorphic action=maybe_recompile pc=0x0000000003782994 method=org.springframework.util.ConcurrentReferenceHashMap$Segment.findInChain(Lorg/springframework/util/ConcurrentReferenceHashMap$Reference;Ljava/lang/Object;I)Lorg/springframe
Event: 2.820 Thread 0x0000000003088000 Uncommon trap: reason=bimorphic action=maybe_recompile pc=0x0000000003782994 method=org.springframework.util.ConcurrentReferenceHashMap$Segment.findInChain(Lorg/springframework/util/ConcurrentReferenceHashMap$Reference;Ljava/lang/Object;I)Lorg/springframe
Event: 2.821 Thread 0x0000000003088000 Uncommon trap: reason=bimorphic action=maybe_recompile pc=0x0000000003782994 method=org.springframework.util.ConcurrentReferenceHashMap$Segment.findInChain(Lorg/springframework/util/ConcurrentReferenceHashMap$Reference;Ljava/lang/Object;I)Lorg/springframe
Event: 2.821 Thread 0x0000000003088000 Uncommon trap: reason=bimorphic action=maybe_recompile pc=0x0000000003788078 method=org.springframework.util.ConcurrentReferenceHashMap$Segment.findInChain(Lorg/springframework/util/ConcurrentReferenceHashMap$Reference;Ljava/lang/Object;I)Lorg/springframe
Event: 2.887 Thread 0x0000000003088000 Uncommon trap: reason=unstable_if action=reinterpret pc=0x00000000033ef788 method=java.lang.AbstractStringBuilder.append(Ljava/lang/String;)Ljava/lang/AbstractStringBuilder; @ 1
Event: 2.947 Thread 0x0000000003088000 Uncommon trap: reason=unstable_if action=reinterpret pc=0x00000000037c1634 method=java.lang.Class.searchMethods([Ljava/lang/reflect/Method;Ljava/lang/String;[Ljava/lang/Class;)Ljava/lang/reflect/Method; @ 47

Classes redefined (0 events):
No events

Internal exceptions (10 events):
Event: 2.897 Thread 0x0000000003088000 Exception <a 'java/lang/ClassNotFoundException': org/springframework/jdbc/datasource/DriverManagerDataSourceCustomizer> (0x00000000d6503f30) thrown at [C:\re\workspace\8-2-build-windows-amd64-cygwin\jdk8u162\10278\hotspot\src\share\vm\classfile\systemDict
Event: 2.906 Thread 0x0000000003088000 Exception <a 'java/lang/ClassNotFoundException': javax/sql/DataSourceCustomizer> (0x00000000d651d290) thrown at [C:\re\workspace\8-2-build-windows-amd64-cygwin\jdk8u162\10278\hotspot\src\share\vm\classfile\systemDictionary.cpp, line 210]
Event: 2.926 Thread 0x0000000003088000 Exception <a 'java/lang/ClassNotFoundException': org/springframework/security/config/annotation/authentication/builders/AuthenticationManagerBuilderBeanInfo> (0x00000000d66a4c08) thrown at [C:\re\workspace\8-2-build-windows-amd64-cygwin\jdk8u162\10278\hot
Event: 2.927 Thread 0x0000000003088000 Exception <a 'java/lang/ClassNotFoundException': org/springframework/security/config/annotation/AbstractConfiguredSecurityBuilderBeanInfo> (0x00000000d66db368) thrown at [C:\re\workspace\8-2-build-windows-amd64-cygwin\jdk8u162\10278\hotspot\src\share\vm\c
Event: 2.937 Thread 0x0000000003088000 Exception <a 'java/lang/ClassNotFoundException': org/springframework/security/config/annotation/AbstractSecurityBuilderBeanInfo> (0x00000000d670cdb0) thrown at [C:\re\workspace\8-2-build-windows-amd64-cygwin\jdk8u162\10278\hotspot\src\share\vm\classfile\s
Event: 2.938 Thread 0x0000000003088000 Exception <a 'java/lang/ClassNotFoundException': org/springframework/security/config/annotation/AbstractSecurityBuilderCustomizer> (0x00000000d673fa40) thrown at [C:\re\workspace\8-2-build-windows-amd64-cygwin\jdk8u162\10278\hotspot\src\share\vm\classfile
Event: 2.940 Thread 0x0000000003088000 Exception <a 'java/lang/ClassNotFoundException': org/springframework/security/config/annotation/AbstractConfiguredSecurityBuilderCustomizer> (0x00000000d677a9c8) thrown at [C:\re\workspace\8-2-build-windows-amd64-cygwin\jdk8u162\10278\hotspot\src\share\vm
Event: 2.942 Thread 0x0000000003088000 Exception <a 'java/lang/ClassNotFoundException': org/springframework/security/config/annotation/authentication/builders/AuthenticationManagerBuilderCustomizer> (0x00000000d67d3310) thrown at [C:\re\workspace\8-2-build-windows-amd64-cygwin\jdk8u162\10278\h
Event: 2.944 Thread 0x0000000003088000 Exception <a 'java/lang/ClassNotFoundException': org/springframework/security/config/annotation/authentication/ProviderManagerBuilderCustomizer> (0x00000000d683aa58) thrown at [C:\re\workspace\8-2-build-windows-amd64-cygwin\jdk8u162\10278\hotspot\src\shar
Event: 2.945 Thread 0x0000000003088000 Exception <a 'java/lang/ClassNotFoundException': org/springframework/security/config/annotation/SecurityBuilderCustomizer> (0x00000000d686b8b8) thrown at [C:\re\workspace\8-2-build-windows-amd64-cygwin\jdk8u162\10278\hotspot\src\share\vm\classfile\systemD

Events (10 events):
Event: 3.029 loading class org/springframework/cglib/core/EmitUtils$15
Event: 3.029 loading class org/springframework/cglib/core/EmitUtils$15 done
Event: 3.030 loading class org/springframework/cglib/core/EmitUtils$16
Event: 3.030 loading class org/springframework/cglib/core/EmitUtils$16 done
Event: 3.045 loading class org/springframework/security/crypto/bcrypt/BCryptPasswordEncoder
Event: 3.045 loading class org/springframework/security/crypto/bcrypt/BCryptPasswordEncoder done
Event: 3.047 loading class java/security/SecureRandom
Event: 3.047 loading class java/security/SecureRandom done
Event: 3.048 loading class org/springframework/security/crypto/bcrypt/BCryptPasswordEncoderBeanInfo
Event: 3.048 loading class org/springframework/security/crypto/bcrypt/BCryptPasswordEncoderBeanInfo done


Dynamic libraries:
0x00007ff6cae90000 - 0x00007ff6caec7000 	C:\Program Files\Java\jdk1.8.0_162\bin\javaw.exe
0x00007ffc51280000 - 0x00007ffc51461000 	C:\WINDOWS\SYSTEM32\ntdll.dll
0x00007ffc4ed70000 - 0x00007ffc4ee22000 	C:\WINDOWS\System32\KERNEL32.DLL
0x00007ffc4d8f0000 - 0x00007ffc4db63000 	C:\WINDOWS\System32\KERNELBASE.dll
0x00007ffc4f9b0000 - 0x00007ffc4fa51000 	C:\WINDOWS\System32\ADVAPI32.dll
0x00007ffc4fa60000 - 0x00007ffc4fafe000 	C:\WINDOWS\System32\msvcrt.dll
0x00007ffc4f920000 - 0x00007ffc4f97b000 	C:\WINDOWS\System32\sechost.dll
0x00007ffc4f7f0000 - 0x00007ffc4f914000 	C:\WINDOWS\System32\RPCRT4.dll
0x00007ffc4e710000 - 0x00007ffc4e8a0000 	C:\WINDOWS\System32\USER32.dll
0x00007ffc4e640000 - 0x00007ffc4e660000 	C:\WINDOWS\System32\win32u.dll
0x00007ffc4f980000 - 0x00007ffc4f9a8000 	C:\WINDOWS\System32\GDI32.dll
0x00007ffc4d750000 - 0x00007ffc4d8e2000 	C:\WINDOWS\System32\gdi32full.dll
0x00007ffc4dbd0000 - 0x00007ffc4dc6f000 	C:\WINDOWS\System32\msvcp_win.dll
0x00007ffc4d650000 - 0x00007ffc4d74a000 	C:\WINDOWS\System32\ucrtbase.dll
0x00007ffc38cf0000 - 0x00007ffc38f59000 	C:\WINDOWS\WinSxS\amd64_microsoft.windows.common-controls_6595b64144ccf1df_6.0.17133.1_none_e4d992df105abfa4\COMCTL32.dll
0x00007ffc4efb0000 - 0x00007ffc4f2d3000 	C:\WINDOWS\System32\combase.dll
0x00007ffc4dc70000 - 0x00007ffc4dcea000 	C:\WINDOWS\System32\bcryptPrimitives.dll
0x00007ffc510f0000 - 0x00007ffc5111d000 	C:\WINDOWS\System32\IMM32.DLL
0x000000006d400000 - 0x000000006d4d1000 	C:\Program Files\Java\jdk1.8.0_162\jre\bin\msvcr100.dll
0x000000006cb60000 - 0x000000006d400000 	C:\Program Files\Java\jdk1.8.0_162\jre\bin\server\jvm.dll
0x00007ffc4f740000 - 0x00007ffc4f748000 	C:\WINDOWS\System32\PSAPI.DLL
0x00007ffc406b0000 - 0x00007ffc406ba000 	C:\WINDOWS\SYSTEM32\VERSION.dll
0x00007ffc4c1f0000 - 0x00007ffc4c1f9000 	C:\WINDOWS\SYSTEM32\WSOCK32.dll
0x00007ffc51120000 - 0x00007ffc5118c000 	C:\WINDOWS\System32\WS2_32.dll
0x00007ffc4b340000 - 0x00007ffc4b363000 	C:\WINDOWS\SYSTEM32\WINMM.dll
0x00007ffc4aef0000 - 0x00007ffc4af1a000 	C:\WINDOWS\SYSTEM32\winmmbase.dll
0x00007ffc4e5f0000 - 0x00007ffc4e639000 	C:\WINDOWS\System32\cfgmgr32.dll
0x000000006cb50000 - 0x000000006cb5f000 	C:\Program Files\Java\jdk1.8.0_162\jre\bin\verify.dll
0x000000006cb20000 - 0x000000006cb49000 	C:\Program Files\Java\jdk1.8.0_162\jre\bin\java.dll
0x000000006cb00000 - 0x000000006cb16000 	C:\Program Files\Java\jdk1.8.0_162\jre\bin\zip.dll
0x00007ffc4fcb0000 - 0x00007ffc510f0000 	C:\WINDOWS\System32\SHELL32.dll
0x00007ffc4e8a0000 - 0x00007ffc4e949000 	C:\WINDOWS\System32\shcore.dll
0x00007ffc4dee0000 - 0x00007ffc4e5ed000 	C:\WINDOWS\System32\windows.storage.dll
0x00007ffc4ec90000 - 0x00007ffc4ece1000 	C:\WINDOWS\System32\shlwapi.dll
0x00007ffc4d630000 - 0x00007ffc4d641000 	C:\WINDOWS\System32\kernel.appcore.dll
0x00007ffc4d610000 - 0x00007ffc4d62f000 	C:\WINDOWS\System32\profapi.dll
0x00007ffc4d5b0000 - 0x00007ffc4d5fc000 	C:\WINDOWS\System32\powrprof.dll
0x00007ffc4d600000 - 0x00007ffc4d60a000 	C:\WINDOWS\System32\FLTLIB.DLL
0x000000006cad0000 - 0x000000006caea000 	C:\Program Files\Java\jdk1.8.0_162\jre\bin\net.dll
0x00007ffc4cdb0000 - 0x00007ffc4ce16000 	C:\WINDOWS\system32\mswsock.dll

VM Arguments:
jvm_args: -ea -Dfile.encoding=Cp1252 
java_command: org.eclipse.jdt.internal.junit.runner.RemoteTestRunner -version 3 -port 61813 -testLoaderClass org.eclipse.jdt.internal.junit4.runner.JUnit4TestLoader -loaderpluginname org.eclipse.jdt.junit4.runtime -classNames edu.ncsu.csc.itrust2.apitest.APIVacRecordTest
java_class_path (initial): C:\Program Files\Java\jdk1.8.0_162\jre\lib\resources.jar;C:\Program Files\Java\jdk1.8.0_162\jre\lib\rt.jar;C:\Program Files\Java\jdk1.8.0_162\jre\lib\jsse.jar;C:\Program Files\Java\jdk1.8.0_162\jre\lib\jce.jar;C:\Program Files\Java\jdk1.8.0_162\jre\lib\charsets.jar;C:\Program Files\Java\jdk1.8.0_162\jre\lib\jfr.jar;C:\Program Files\Java\jdk1.8.0_162\jre\lib\ext\access-bridge-64.jar;C:\Program Files\Java\jdk1.8.0_162\jre\lib\ext\cldrdata.jar;C:\Program Files\Java\jdk1.8.0_162\jre\lib\ext\dnsns.jar;C:\Program Files\Java\jdk1.8.0_162\jre\lib\ext\jaccess.jar;C:\Program Files\Java\jdk1.8.0_162\jre\lib\ext\jfxrt.jar;C:\Program Files\Java\jdk1.8.0_162\jre\lib\ext\localedata.jar;C:\Program Files\Java\jdk1.8.0_162\jre\lib\ext\nashorn.jar;C:\Program Files\Java\jdk1.8.0_162\jre\lib\ext\sunec.jar;C:\Program Files\Java\jdk1.8.0_162\jre\lib\ext\sunjce_provider.jar;C:\Program Files\Java\jdk1.8.0_162\jre\lib\ext\sunmscapi.jar;C:\Program Files\Java\jdk1.8.0_162\jre\lib\ext\sunpkcs11.jar;C:\Program Files\Java\jdk1.8.0_162\jre\lib\ext\zipfs.jar;C:\Users\NBoar\git\csc326-TP-203-5\iTrust2\target\test-classes;C:\Users\NBoar\git\csc326-TP-203-5\iTrust2\target\classes;C:\Users\NBoar\.m2\repository\javax\servlet\jsp\jstl\javax.servlet.jsp.jstl-api\1.2.1\javax.servlet.jsp.jstl-api-1.2.1.jar;C:\Users\NBoar\.m2\repository\javax\validation\validation-api\1.1.0.Final\validation-api-1.1.0.Final.jar;C:\Users\NBoar\.m2\repository\org\hibernate\hibernate-validator\5.4.1.Final\hibernate-validator-5.4.1.Final.jar;C:\Users\NBoar\.m2\repository\org\jboss\logging\jboss-logging\3.3.0.Final\jboss-logging-3.3.0.Final.jar;C:\Users\NBoar\.m2\repository\com\fasterxml\classmate\1.3.1\classmate-1.3.1.jar;C:\Users\NBoar\.m2\repository\org\slf4j\jcl-over-slf4j\1.7.7\jcl-over-slf4j-1.7.7.jar;C:\Users\NBoar\.m2\repository\org\slf4j\jul-to-slf4j\1.7.7\jul-to-slf4j-1.7.7.jar;C:\Users\NBoar\.m2\repository\org\slf4j\log4j-over-slf4j\1.7.7\log4j-over-slf4j-1.7.7.jar;C:\Users\NBoar\.m2\reposit
Launcher Type: SUN_STANDARD

Environment Variables:
CLASSPATH=.
PATH=C:/Program Files/Java/jre1.8.0_162/bin/server;C:/Program Files/Java/jre1.8.0_162/bin;C:/Program Files/Java/jre1.8.0_162/lib/amd64;C:\ProgramData\Oracle\Java\javapath;C:\Python27\;C:\Python27\Scripts;C:\WINDOWS\system32;C:\WINDOWS;C:\WINDOWS\System32\Wbem;C:\WINDOWS\System32\WindowsPowerShell\v1.0\;C:\Program Files\Intel\WiFi\bin\;C:\Program Files\Common Files\Intel\WirelessCommon\;C:\WINDOWS\system32\config\systemprofile\.dnx\bin;C:\Program Files\Microsoft DNX\Dnvm\;C:\Program Files\Microsoft SQL Server\130\Tools\Binn\;C:\Program Files (x86)\Windows Kits\8.1\Windows Performance Toolkit\;C:\Program Files\PuTTY\;C:\Program Files\Java\jdk-9.0.1\bin;C:\Program Files\Java\jdk1.8.0_162\bin;C:\Program Files\Git\cmd;C:\WINDOWS\System32\LibreSSL\;C:\WINDOWS\System32\OpenSSH\;C:\Users\NBoar\AppData\Local\Microsoft\WindowsApps;C:\Users\NBoar\AppData\Local\atom\bin;%USERPROFILE%\AppData\Local\Microsoft\WindowsApps;;C:\Users\NBoar\Development\eclipse-jee-oxygen-2-win32-x86_64 (1);
USERNAME=Nick Board
OS=Windows_NT
PROCESSOR_IDENTIFIER=Intel64 Family 6 Model 78 Stepping 3, GenuineIntel



---------------  S Y S T E M  ---------------

OS: Windows 10.0 , 64 bit Build 17133 (10.0.17133.1)

CPU:total 4 (initial active 4) (2 cores per cpu, 2 threads per core) family 6 model 78 stepping 3, cmov, cx8, fxsr, mmx, sse, sse2, sse3, ssse3, sse4.1, sse4.2, popcnt, avx, avx2, aes, clmul, erms, 3dnowpref, lzcnt, ht, tsc, tscinvbit, bmi1, bmi2, adx

Memory: 4k page, physical 8280512k(548380k free), swap 10226112k(5984k free)

vm_info: Java HotSpot(TM) 64-Bit Server VM (25.162-b12) for windows-amd64 JRE (1.8.0_162-b12), built on Dec 19 2017 20:00:03 by "java_re" with MS VC++ 10.0 (VS2010)

time: Wed Apr 04 14:48:37 2018
elapsed time: 3 seconds (0d 0h 0m 3s)

