JvmtiExport can_access_local_variables 0
JvmtiExport can_hotswap_or_post_breakpoint 0
JvmtiExport can_post_on_exceptions 0
# 665 ciObject found
ciMethod java/lang/Object <init> ()V 4097 1 393847 0 0
ciMethod java/lang/Object hashCode ()I 2049 1 256 0 -1
ciMethod java/lang/Object equals (Ljava/lang/Object;)Z 1001 1 6941 0 64
ciMethod java/lang/Object clone ()Ljava/lang/Object; 2049 1 256 0 -1
ciMethod java/lang/String <init> ([CII)V 4097 1 5741 0 704
ciMethod java/lang/String <init> ([BIILjava/lang/String;)V 2089 1 397 0 -1
ciMethod java/lang/String <init> ([CZ)V 2049 1 11670 0 0
ciMethod java/lang/String length ()I 4097 1 104647 0 0
ciMethod java/lang/String charAt (I)C 4097 1 544540 0 -1
ciMethod java/lang/String codePointAt (I)I 1 1 807 0 -1
ciMethod java/lang/String getChars ([CI)V 2049 1 6418 0 0
ciMethod java/lang/String equals (Ljava/lang/Object;)Z 2817 16385 19273 0 -1
ciMethod java/lang/String equalsIgnoreCase (Ljava/lang/String;)Z 17 1 5167 0 1600
ciMethod java/lang/String regionMatches (ZILjava/lang/String;II)Z 2057 593 5455 0 0
ciMethod java/lang/String startsWith (Ljava/lang/String;I)Z 3241 273 5260 0 416
ciMethod java/lang/String startsWith (Ljava/lang/String;)Z 2049 1 76246 0 -1
ciMethod java/lang/String endsWith (Ljava/lang/String;)Z 3137 1 23246 0 384
ciMethod java/lang/String hashCode ()I 2793 32769 3483 0 288
ciMethod java/lang/String indexOf (I)I 4097 1 35641 0 -1
ciMethod java/lang/String indexOf (II)I 1681 65537 924 0 -1
ciMethod java/lang/String lastIndexOf (I)I 2049 1 22990 0 0
ciMethod java/lang/String lastIndexOf (II)I 1465 122953 957 0 288
ciMethod java/lang/String lastIndexOfSupplementary (II)I 0 0 1 0 -1
ciMethod java/lang/String substring (II)Ljava/lang/String; 4097 1 5744 0 992
ciMethod java/lang/String concat (Ljava/lang/String;)Ljava/lang/String; 2049 1 6418 0 896
ciMethod java/lang/String replace (CC)Ljava/lang/String; 841 65633 1030 0 1152
ciMethod java/lang/String toUpperCase (Ljava/util/Locale;)Ljava/lang/String; 817 19305 488 0 -1
ciMethod java/lang/String toCharArray ()[C 2057 1 17653 0 256
ciMethod java/lang/ClassLoader preDefineClass (Ljava/lang/String;Ljava/security/ProtectionDomain;)Ljava/security/ProtectionDomain; 2057 1 2139 0 -1
ciMethod java/lang/ClassLoader defineClassSourceLocation (Ljava/security/ProtectionDomain;)Ljava/lang/String; 2057 1 2139 0 -1
ciMethod java/lang/ClassLoader postDefineClass (Ljava/lang/Class;Ljava/security/ProtectionDomain;)V 2057 1 2139 0 -1
ciMethod java/lang/ClassLoader defineClass (Ljava/lang/String;[BIILjava/security/ProtectionDomain;)Ljava/lang/Class; 2057 1 2136 0 -1
ciMethod java/lang/ClassLoader defineClass1 (Ljava/lang/String;[BIILjava/security/ProtectionDomain;Ljava/lang/String;)Ljava/lang/Class; 3081 1 385 0 -1
ciMethod java/lang/ClassLoader checkName (Ljava/lang/String;)Z 2057 1 5440 0 -1
ciMethod java/lang/ClassLoader checkCerts (Ljava/lang/String;Ljava/security/CodeSource;)V 3073 1 2139 0 -1
ciMethod java/lang/ClassLoader definePackage (Ljava/lang/String;Ljava/lang/String;Ljava/lang/String;Ljava/lang/String;Ljava/lang/String;Ljava/lang/String;Ljava/lang/String;Ljava/net/URL;)Ljava/lang/Package; 401 1 269 0 0
ciMethod java/lang/ClassLoader getPackage (Ljava/lang/String;)Ljava/lang/Package; 2049 1 2892 0 0
ciMethod java/lang/System nanoTime ()J 2049 1 256 0 -1
ciMethod java/lang/System arraycopy (Ljava/lang/Object;ILjava/lang/Object;II)V 16385 1 2048 0 -1
ciMethod java/lang/Throwable printStackTrace ()V 0 0 1 0 -1
ciMethod java/lang/Throwable addSuppressed (Ljava/lang/Throwable;)V 0 0 1 0 -1
ciMethod java/security/ProtectionDomain <init> (Ljava/security/CodeSource;Ljava/security/PermissionCollection;Ljava/lang/ClassLoader;[Ljava/security/Principal;)V 193 1 93 0 -1
ciMethod java/security/ProtectionDomain getCodeSource ()Ljava/security/CodeSource; 1025 1 128 0 -1
ciMethod java/security/SecureClassLoader defineClass (Ljava/lang/String;[BIILjava/security/CodeSource;)Ljava/lang/Class; 2561 1 2085 0 0
ciMethod java/security/SecureClassLoader defineClass (Ljava/lang/String;Ljava/nio/ByteBuffer;Ljava/security/CodeSource;)Ljava/lang/Class; 0 0 1 0 -1
ciMethod java/security/SecureClassLoader getPermissions (Ljava/security/CodeSource;)Ljava/security/PermissionCollection; 337 1 34 0 -1
ciMethod java/security/SecureClassLoader getProtectionDomain (Ljava/security/CodeSource;)Ljava/security/ProtectionDomain; 2561 1 2093 0 -1
ciMethod java/lang/NoClassDefFoundError <init> (Ljava/lang/String;)V 0 0 1 0 -1
ciMethod java/lang/ref/Reference get ()Ljava/lang/Object; 1025 1 128 0 -1
ciMethod java/lang/ref/Reference <init> (Ljava/lang/Object;)V 1513 1 8026 0 0
ciMethod java/lang/ref/Reference <init> (Ljava/lang/Object;Ljava/lang/ref/ReferenceQueue;)V 2065 1 16165 0 96
ciMethod java/lang/ref/SoftReference <init> (Ljava/lang/Object;)V 1353 1 1778 0 0
ciMethod java/lang/ref/SoftReference get ()Ljava/lang/Object; 2049 1 21901 0 96
ciMethod java/lang/ref/WeakReference <init> (Ljava/lang/Object;Ljava/lang/ref/ReferenceQueue;)V 2049 1 3513 0 0
ciMethod java/lang/Thread currentThread ()Ljava/lang/Thread; 2049 1 256 0 -1
ciMethod java/lang/Thread interrupt ()V 0 0 1 0 0
ciMethod java/lang/Thread interrupted ()Z 3073 1 2093 0 0
ciMethod java/lang/Thread isInterrupted (Z)Z 3073 1 384 0 -1
ciMethod java/lang/Thread checkAccess ()V 137 1 16 0 -1
ciMethod java/lang/Thread holdsLock (Ljava/lang/Object;)Z 0 0 1 0 -1
ciMethod java/lang/Thread interrupt0 ()V 0 0 1 0 -1
ciMethod java/util/Map get (Ljava/lang/Object;)Ljava/lang/Object; 0 0 1 0 -1
ciMethod java/util/Map put (Ljava/lang/Object;Ljava/lang/Object;)Ljava/lang/Object; 0 0 1 0 -1
ciMethod java/util/Map remove (Ljava/lang/Object;)Ljava/lang/Object; 0 0 1 0 -1
ciMethod java/util/Hashtable <init> (IF)V 1113 1 185 0 0
ciMethod java/util/Hashtable <init> (I)V 441 1 42 0 0
ciMethod java/util/Hashtable <init> ()V 849 1 143 0 0
ciMethod java/util/Dictionary <init> ()V 1729 1 185 0 0
ciMethod java/lang/StringBuilder <init> ()V 2081 1 37067 0 -1
ciMethod java/lang/StringBuilder append (Ljava/lang/Object;)Ljava/lang/StringBuilder; 1329 1 4757 0 -1
ciMethod java/lang/StringBuilder append (Ljava/lang/String;)Ljava/lang/StringBuilder; 4097 1 101686 0 -1
ciMethod java/lang/StringBuilder append (I)Ljava/lang/StringBuilder; 1 1 3047 0 -1
ciMethod java/lang/StringBuilder append (F)Ljava/lang/StringBuilder; 0 0 1 0 -1
ciMethod java/lang/StringBuilder toString ()Ljava/lang/String; 2129 1 43069 0 -1
ciMethod java/io/ByteArrayInputStream <init> ([B)V 97 1 32 0 0
ciMethod java/io/InputStream <init> ()V 2073 1 4940 0 0
ciMethod java/io/InputStream read ([BII)I 0 0 1 0 -1
ciMethod java/io/InputStream close ()V 0 0 1 0 -1
ciMethod java/io/File length ()J 769 1 96 0 -1
ciMethod java/net/URLClassLoader getAndVerifyPackage (Ljava/lang/String;Ljava/util/jar/Manifest;Ljava/net/URL;)Ljava/lang/Package; 2049 1 2085 0 0
ciMethod java/net/URLClassLoader definePackageInternal (Ljava/lang/String;Ljava/util/jar/Manifest;Ljava/net/URL;)V 2049 1 2085 0 0
ciMethod java/net/URLClassLoader defineClass (Ljava/lang/String;Lsun/misc/Resource;)Ljava/lang/Class; 1537 1 2085 0 0
ciMethod java/net/URLClassLoader definePackage (Ljava/lang/String;Ljava/util/jar/Manifest;Ljava/net/URL;)Ljava/lang/Package; 361 1 249 0 0
ciMethod java/net/URLClassLoader isSealed (Ljava/lang/String;Ljava/util/jar/Manifest;)Z 1537 1 1740 0 0
ciMethod java/net/URLClassLoader access$000 (Ljava/net/URLClassLoader;)Lsun/misc/URLClassPath; 1025 1 128 0 0
ciMethod java/net/URLClassLoader access$100 (Ljava/net/URLClassLoader;Ljava/lang/String;Lsun/misc/Resource;)Ljava/lang/Class; 1537 1 2085 0 0
ciMethod java/net/URL getRef ()Ljava/lang/String; 1033 1 129 0 -1
ciMethod java/net/URL equals (Ljava/lang/Object;)Z 1969 1 2064 0 -1
ciMethod java/util/jar/Manifest <init> (Ljava/io/InputStream;)V 89 1 32 0 0
ciMethod java/util/jar/Manifest getMainAttributes ()Ljava/util/jar/Attributes; 1025 1 128 0 0
ciMethod java/util/jar/Manifest getEntries ()Ljava/util/Map; 1025 1 128 0 0
ciMethod java/util/jar/Manifest getAttributes (Ljava/lang/String;)Ljava/util/jar/Attributes; 2049 1 1998 0 0
ciMethod java/util/jar/Manifest read (Ljava/io/InputStream;)V 89 73 32 0 -1
ciMethod java/util/jar/Manifest parseName ([BI)Ljava/lang/String; 73 1 9 0 -1
ciMethod java/security/CodeSource <init> (Ljava/net/URL;[Ljava/security/CodeSigner;)V 2561 1 2085 0 0
ciMethod java/nio/Buffer position ()I 1369 1 171 0 -1
ciMethod java/lang/Character isSurrogate (C)Z 1 1 1152 0 -1
ciMethod java/lang/Character charCount (I)I 17 1 2502 0 -1
ciMethod java/lang/Character toChars (I[CI)I 0 0 1 0 -1
ciMethod java/lang/Character toChars (I)[C 0 0 1 0 -1
ciMethod java/lang/Character toLowerCase (C)C 4097 1 11353 0 0
ciMethod java/lang/Character toLowerCase (I)I 4097 1 27022 0 0
ciMethod java/lang/Character toUpperCase (C)C 2049 1 7606 0 192
ciMethod java/lang/Character toUpperCase (I)I 2049 1 7606 0 0
ciMethod java/lang/Character toUpperCaseEx (I)I 3041 1 9229 0 -1
ciMethod java/lang/Character toUpperCaseCharArray (I)[C 0 0 1 0 -1
ciMethod java/lang/Float isNaN (F)Z 2065 1 5575 0 0
ciMethod java/lang/Float floatToRawIntBits (F)I 9 1 1 0 -1
ciMethod java/lang/NullPointerException <init> ()V 0 0 1 0 -1
ciMethod java/lang/NullPointerException <init> (Ljava/lang/String;)V 0 0 1 0 -1
ciMethod java/util/Comparator compare (Ljava/lang/Object;Ljava/lang/Object;)I 0 0 1 0 -1
ciMethod java/security/AccessController doPrivileged (Ljava/security/PrivilegedAction;)Ljava/lang/Object; 3073 1 384 0 -1
ciMethod java/util/AbstractList <init> ()V 1705 1 18808 0 0
ciMethod java/util/AbstractCollection <init> ()V 1777 1 40146 0 0
ciMethod java/util/ArrayList <init> ()V 1305 1 5007 0 0
ciMethod java/util/ArrayList size ()I 1041 1 130 0 -1
ciMethod java/util/AbstractMap <init> ()V 1801 1 21950 0 32
ciMethod java/lang/ref/ReferenceQueue poll ()Ljava/lang/ref/Reference; 2065 1 25266 0 -1
ciMethod java/util/HashMap hash (Ljava/lang/Object;)I 4097 1 44854 0 0
ciMethod java/util/HashMap tableSizeFor (I)I 1905 1 5358 0 -1
ciMethod java/util/HashMap <init> (IF)V 769 1 5218 0 352
ciMethod java/util/HashMap <init> (I)V 681 1 3760 0 0
ciMethod java/util/HashMap <init> ()V 425 1 16011 0 0
ciMethod java/util/HashMap get (Ljava/lang/Object;)Ljava/lang/Object; 4097 1 11896 0 544
ciMethod java/util/HashMap getNode (ILjava/lang/Object;)Ljava/util/HashMap$Node; 4097 73 12034 0 544
ciMethod java/util/HashMap put (Ljava/lang/Object;Ljava/lang/Object;)Ljava/lang/Object; 4097 1 14330 0 -1
ciMethod sun/misc/VM allowArraySyntax ()Z 2057 1 5440 0 -1
ciMethod java/lang/Math max (II)I 2313 1 11977 0 -1
ciMethod java/lang/Math min (II)I 4097 1 56430 0 -1
ciMethod java/lang/Math min (FF)F 1865 1 200 0 0
ciMethod java/io/FileInputStream <init> (Ljava/io/File;)V 1537 1 191 2 -1
ciMethod java/io/FileInputStream readBytes ([BII)I 2049 1 256 0 -1
ciMethod java/io/FileInputStream read ([BII)I 2057 1 439 0 0
ciMethod java/io/FileInputStream close ()V 2049 1 379 0 0
ciMethod java/io/FileDescriptor closeAll (Ljava/io/Closeable;)V 1225 1 192 0 -1
ciMethod java/io/OutputStream <init> ()V 2153 1 964 0 0
ciMethod java/io/FilterInputStream <init> (Ljava/io/InputStream;)V 2049 1 2485 0 0
ciMethod java/util/WeakHashMap newTable (I)[Ljava/util/WeakHashMap$Entry; 1481 1 183 0 -1
ciMethod java/util/WeakHashMap maskNull (Ljava/lang/Object;)Ljava/lang/Object; 2057 1 7782 0 0
ciMethod java/util/WeakHashMap eq (Ljava/lang/Object;Ljava/lang/Object;)Z 1081 1 2972 0 0
ciMethod java/util/WeakHashMap hash (Ljava/lang/Object;)I 3073 1 7782 0 0
ciMethod java/util/WeakHashMap indexFor (II)I 3097 1 7623 0 0
ciMethod java/util/WeakHashMap expungeStaleEntries ()V 3073 1 5622 0 2368
ciMethod java/util/WeakHashMap getTable ()[Ljava/util/WeakHashMap$Entry; 3073 1 7793 0 0
ciMethod java/util/WeakHashMap put (Ljava/lang/Object;Ljava/lang/Object;)Ljava/lang/Object; 2049 17 2607 0 0
ciMethod java/util/WeakHashMap resize (I)V 0 0 11 0 0
ciMethod java/util/WeakHashMap transfer ([Ljava/util/WeakHashMap$Entry;[Ljava/util/WeakHashMap$Entry;)V 89 7617 11 0 -1
ciMethod java/util/Arrays copyOf ([BI)[B 2057 1 11101 0 480
ciMethod java/util/Arrays copyOf ([CI)[C 2569 1 28891 0 0
ciMethod java/util/Arrays copyOfRange ([CII)[C 4097 1 6660 0 512
ciMethod java/io/PrintStream println (Ljava/lang/String;)V 0 0 1 0 -1
ciMethod java/nio/charset/Charset atBugLevel (Ljava/lang/String;)Z 2169 1 390 0 -1
ciMethod java/nio/charset/Charset newEncoder ()Ljava/nio/charset/CharsetEncoder; 0 0 1 0 -1
ciMethod sun/nio/cs/ArrayEncoder encode ([CII[B)I 0 0 1 0 -1
ciMethod java/nio/charset/CharsetEncoder <init> (Ljava/nio/charset/Charset;FF[B)V 1345 1 167 0 -1
ciMethod java/nio/charset/CharsetEncoder <init> (Ljava/nio/charset/Charset;FF)V 1345 1 167 0 -1
ciMethod java/nio/charset/CharsetEncoder replaceWith ([B)Ljava/nio/charset/CharsetEncoder; 1345 1 167 0 -1
ciMethod java/nio/charset/CharsetEncoder implReplaceWith ([B)V 0 0 1 0 -1
ciMethod java/nio/charset/CharsetEncoder isLegalReplacement ([B)Z 0 0 1 0 -1
ciMethod java/nio/charset/CharsetEncoder onMalformedInput (Ljava/nio/charset/CodingErrorAction;)Ljava/nio/charset/CharsetEncoder; 825 1 167 0 0
ciMethod java/nio/charset/CharsetEncoder implOnMalformedInput (Ljava/nio/charset/CodingErrorAction;)V 825 1 167 0 -1
ciMethod java/nio/charset/CharsetEncoder onUnmappableCharacter (Ljava/nio/charset/CodingErrorAction;)Ljava/nio/charset/CharsetEncoder; 825 1 167 0 0
ciMethod java/nio/charset/CharsetEncoder implOnUnmappableCharacter (Ljava/nio/charset/CodingErrorAction;)V 825 1 167 0 -1
ciMethod java/nio/charset/CharsetEncoder maxBytesPerChar ()F 3081 1 8426 0 0
ciMethod java/nio/charset/CharsetEncoder encode (Ljava/nio/CharBuffer;Ljava/nio/ByteBuffer;Z)Ljava/nio/charset/CoderResult; 0 0 1 0 -1
ciMethod java/nio/charset/CharsetEncoder flush (Ljava/nio/ByteBuffer;)Ljava/nio/charset/CoderResult; 0 0 1 0 -1
ciMethod java/nio/charset/CharsetEncoder reset ()Ljava/nio/charset/CharsetEncoder; 3105 1 6920 0 0
ciMethod java/nio/charset/CharsetEncoder implReset ()V 3105 1 6920 0 0
ciMethod java/nio/ByteBuffer wrap ([B)Ljava/nio/ByteBuffer; 1 1 4541 0 -1
ciMethodData java/lang/Object <init> ()V 2 393847 orig 264 152 98 20 109 0 0 0 0 128 4 141 22 0 0 0 0 32 1 0 0 0 0 0 0 0 0 0 0 0 0 0 0 0 0 0 0 0 0 0 0 0 0 0 0 0 0 0 0 0 0 0 0 0 0 0 0 0 0 0 0 0 0 0 0 0 0 0 0 0 0 0 0 0 0 0 0 0 0 0 0 77 68 79 32 101 120 116 114 97 32 100 97 116 97 32 108 111 99 107 0 0 0 0 0 0 0 0 0 0 0 0 0 0 0 0 0 0 0 0 0 0 0 0 0 0 0 0 0 0 0 0 0 0 0 0 0 0 0 0 0 0 0 0 0 0 0 0 0 0 0 0 0 0 0 0 0 0 0 0 0 0 0 0 0 0 0 0 0 0 0 0 0 0 0 0 0 0 0 0 0 0 0 0 0 1 0 0 0 0 0 0 0 1 0 0 0 0 0 0 0 1 0 0 0 0 0 0 0 0 0 0 0 0 0 0 0 0 2 0 0 185 3 48 0 1 0 0 0 0 0 0 0 0 0 0 0 2 0 0 0 0 0 3 0 1 0 0 0 0 0 0 0 255 255 255 255 0 0 0 0 0 0 0 0 data 0 oops 0
ciMethod java/lang/IllegalArgumentException <init> (Ljava/lang/String;)V 0 0 1 0 -1
ciMethod sun/security/util/Debug println (Ljava/lang/String;)V 0 0 1 0 -1
ciMethod java/util/WeakHashMap$Entry <init> (Ljava/lang/Object;Ljava/lang/Object;Ljava/lang/ref/ReferenceQueue;ILjava/util/WeakHashMap$Entry;)V 2049 1 2607 0 0
ciMethod java/nio/CharBuffer wrap ([C)Ljava/nio/CharBuffer; 0 0 1 0 -1
ciMethod java/nio/charset/CoderResult isUnderflow ()Z 945 1 182 0 -1
ciMethodData java/lang/String charAt (I)C 2 544540 orig 264 152 98 20 109 0 0 0 0 104 61 141 22 0 0 0 0 120 1 0 0 32 0 0 0 0 0 0 0 0 0 0 0 0 0 0 0 0 0 0 0 0 0 0 0 0 0 0 0 0 0 0 0 0 0 0 0 0 0 0 0 0 0 0 0 0 0 0 0 0 0 0 0 0 0 0 0 0 0 0 0 77 68 79 32 101 120 116 114 97 32 100 97 116 97 32 108 111 99 107 0 0 0 0 0 0 0 0 0 0 0 0 0 0 0 0 0 0 0 0 0 0 0 0 0 0 0 0 0 0 0 0 0 0 0 0 0 0 0 0 0 0 0 0 0 0 0 0 0 0 0 0 0 0 0 0 0 0 0 0 0 0 0 0 0 0 0 0 0 0 0 0 0 0 0 0 0 0 0 0 0 0 0 0 0 25 0 0 0 0 0 0 0 0 0 0 0 0 0 0 0 1 0 0 0 0 0 0 0 0 0 0 0 0 0 0 0 0 2 0 0 225 104 66 0 1 0 0 0 0 0 0 0 0 0 0 0 2 0 0 0 0 0 0 0 0 0 0 0 80 0 0 0 255 255 255 255 7 0 1 0 0 0 0 0 data 10 0x10007 0x0 0x40 0x84d1c 0xa0007 0x84d1c 0x30 0x0 0x120002 0x0 oops 0
ciMethod java/util/Locale getLanguage ()Ljava/lang/String; 289 1 693 0 -1
ciMethod java/lang/CharacterData toLowerCase (I)I 0 0 1 0 -1
ciMethod java/lang/CharacterData toUpperCase (I)I 0 0 1 0 -1
ciMethod java/lang/CharacterData of (I)Ljava/lang/CharacterData; 4097 1 5729 0 96
ciMethod java/lang/CharacterDataLatin1 getProperties (I)I 4097 1 24473 0 -1
ciMethod java/lang/CharacterDataLatin1 toLowerCase (I)I 4097 1 5815 0 160
ciMethod java/lang/CharacterDataLatin1 toUpperCase (I)I 4097 1 6036 0 160
ciMethod java/util/HashMap$TreeNode getTreeNode (ILjava/lang/Object;)Ljava/util/HashMap$TreeNode; 0 0 1 0 -1
ciMethodData java/lang/Character toLowerCase (I)I 2 27022 orig 264 152 98 20 109 0 0 0 0 152 165 150 22 0 0 0 0 136 1 0 0 0 0 0 0 0 0 0 0 0 0 0 0 0 0 0 0 0 0 0 0 0 0 0 0 0 0 0 0 0 0 0 0 0 0 0 0 0 0 0 0 0 0 0 0 0 0 0 0 0 0 0 0 0 0 0 0 0 0 0 0 77 68 79 32 101 120 116 114 97 32 100 97 116 97 32 108 111 99 107 0 0 0 0 0 0 0 0 0 0 0 0 0 0 0 0 0 0 0 0 0 0 0 0 0 0 0 0 0 0 0 0 0 0 0 0 0 0 0 0 0 0 0 0 0 0 0 0 0 0 0 0 0 0 0 0 0 0 0 0 0 0 0 0 0 0 0 0 0 0 0 0 0 0 0 0 0 0 0 0 0 0 0 0 0 0 0 0 0 0 0 0 0 0 0 0 0 0 0 0 0 0 0 0 0 0 0 0 0 0 0 0 0 0 0 0 0 0 2 0 0 113 60 3 0 1 0 0 0 0 0 0 0 0 0 0 0 2 0 0 0 0 0 3 0 2 0 0 0 64 0 0 0 255 255 255 255 2 0 1 0 0 0 0 0 data 8 0x10002 0x678e 0x50005 0x0 0x19be0f60 0x678e 0x0 0x0 oops 1